<?xml version="1.0" encoding="UTF-8"?>
<!-- Generated by org.testng.reporters.JUnitReportReporter -->
<testsuite name="org.training.NewTest" tests="1" time="0.006" ignored="0" failures="0" timestamp="26 Jul 2017 20:52:08 GMT" skipped="0" hostname="PC09GNTH" errors="0">
  <testcase name="testUnique" time="0.006" classname="org.training.NewTest"/>
</testsuite> <!-- org.training.NewTest -->
